This is XeTeX, Version 3.141592653-2.6-0.999998 (MiKTeX 26.2) (preloaded format=xelatex 2026.5.22)  22 MAY 2026 23:20
entering extended mode
 restricted \write18 enabled.
 file:line:error style messages enabled.
 %&-line parsing enabled.
**"d:/Aaaaaaaa/电工杯 A题 _20260522/workspace/paper/main.tex"
(d:/Aaaaaaaa/电工杯 A题 _20260522/workspace/paper/main.tex
LaTeX2e <2025-11-01>
L3 programming layer <2026-01-19>
(neepumcm.cls
Document Class: neepumcm 2024/05/23 v1 The Thesis Template Designed For neepumc
m
The Thesis Template Designed For neepumcm
(D:\APP\MikTex\tex/latex/xkeyval\xkeyval.sty
Package: xkeyval 2022/06/16 v2.9 package option processing (HA)

(D:\APP\MikTex\tex/generic/xkeyval\xkeyval.tex
(D:\APP\MikTex\tex/generic/xkeyval\xkvutils.tex
\XKV@toks=\toks17
\XKV@tempa@toks=\toks18

(D:\APP\MikTex\tex/generic/xkeyval\keyval.tex))
\XKV@depth=\count271
File: xkeyval.tex 2014/12/03 v2.7a key=value parser (HA)
))
(D:\APP\MikTex\tex/latex/etoolbox\etoolbox.sty
Package: etoolbox 2025/10/02 v2.5m e-TeX tools for LaTeX (JAW)
\etb@tempcnta=\count272
)

! LaTeX Error: File `ctexart.cls' not found.

Type X to quit or <RETURN> to proceed,
or enter new name. (Default extension: cls)

Enter file name: 
neepumcm.cls:53: Emergency stop.
<read *> 
         
l.53 \newcommand
                {\team}{Team \#\ \MCM@opt@tcn}^^M
*** (cannot \read from terminal in nonstop modes)

 
Here is how much of TeX's memory you used:
 634 strings out of 402983
 8587 string characters out of 5454899
 426411 words of memory out of 5000000
 29414 multiletter control sequences out of 15000+600000
 627721 words of font info for 40 fonts, out of 8000000 for 9000
 1348 hyphenation exceptions out of 8191
 43i,0n,51p,246b,22s stack positions out of 10000i,1000n,20000p,200000b,200000s
No pages of output.
