\BOOKMARK [1][-]{section.1}{\376\377\225\356\230\230\221\315\217\360}{}% 1
\BOOKMARK [1][-]{section.2}{\376\377\225\356\230\230\122\006\147\220}{}% 2
\BOOKMARK [2][-]{subsection.2.1}{\376\377\225\356\230\230\116\000\122\006\147\220}{section.2}% 3
\BOOKMARK [2][-]{subsection.2.2}{\376\377\225\356\230\230\116\214\122\006\147\220}{section.2}% 4
\BOOKMARK [2][-]{subsection.2.3}{\376\377\225\356\230\230\116\011\122\006\147\220}{section.2}% 5
\BOOKMARK [2][-]{subsection.2.4}{\376\377\225\356\230\230\126\333\122\006\147\220}{section.2}% 6
\BOOKMARK [2][-]{subsection.2.5}{\376\377\116\015\170\156\133\232\140\047\122\073\165\073\116\016\131\032\176\364\136\246\176\374\124\010\213\304\116\367\145\271\154\325\213\276\213\241}{section.2}% 7
\BOOKMARK [1][-]{section.3}{\376\377\152\041\127\213\120\107\213\276}{}% 8
\BOOKMARK [1][-]{section.4}{\376\377\173\046\123\367\213\364\146\016}{}% 9
\BOOKMARK [1][-]{section.5}{\376\377\225\356\230\230\116\000\377\032\121\170\127\213\230\316\121\111\127\072\146\157\116\013\217\320\210\114\143\007\150\007\122\006\147\220}{}% 10
\BOOKMARK [2][-]{subsection.5.1}{\376\377\152\041\127\213\136\372\172\313}{section.5}% 11
\BOOKMARK [2][-]{subsection.5.2}{\376\377\200\375\221\317\143\007\150\007\213\241\173\227}{section.5}% 12
\BOOKMARK [2][-]{subsection.5.3}{\376\377\124\050\154\050\142\020\147\054\152\041\127\213}{section.5}% 13
\BOOKMARK [2][-]{subsection.5.4}{\376\377\213\241\173\227\176\323\147\234}{section.5}% 14
\BOOKMARK [3][-]{subsubsection.5.4.1}{\376\377\122\237\163\207\136\163\210\141\146\362\176\277}{subsection.5.4}% 15
\BOOKMARK [3][-]{subsubsection.5.4.2}{\376\377\200\375\221\317\143\007\150\007\116\016\176\377\165\065\166\364\217\336\143\007\150\007}{subsection.5.4}% 16
\BOOKMARK [2][-]{subsection.5.5}{\376\377\143\007\150\007\116\015\156\341\215\263\123\237\126\340\122\006\147\220}{section.5}% 17
\BOOKMARK [1][-]{section.6}{\376\377\225\356\230\230\116\214\377\032\127\372\116\216\171\273\145\143\122\066\154\050\214\003\202\202\166\204\217\320\210\114\117\030\123\026}{}% 18
\BOOKMARK [2][-]{subsection.6.1}{\376\377\152\041\127\213\136\372\172\313}{section.6}% 19
\BOOKMARK [2][-]{subsection.6.2}{\376\377\154\102\211\343\173\227\154\325}{section.6}% 20
\BOOKMARK [2][-]{subsection.6.3}{\376\377\121\170\127\213\127\072\146\157\213\241\173\227\176\323\147\234}{section.6}% 21
\BOOKMARK [3][-]{subsubsection.6.3.1}{\376\377\124\004\116\247\221\317\147\000\117\030\145\271\150\110}{subsection.6.3}% 22
\BOOKMARK [2][-]{subsection.6.4}{\376\377\0002\0004\171\315\127\072\146\157\121\150\136\164\122\006\147\220}{section.6}% 23
\BOOKMARK [3][-]{subsubsection.6.4.1}{\376\377\124\004\116\247\221\317\142\020\147\054\122\006\136\003}{subsection.6.4}% 24
\BOOKMARK [3][-]{subsubsection.6.4.2}{\376\377\176\377\165\065\143\007\150\007\176\337\213\241}{subsection.6.4}% 25
\BOOKMARK [3][-]{subsubsection.6.4.3}{\376\377\121\150\136\164\124\050\154\050\142\020\147\054\122\006\136\003}{subsection.6.4}% 26
\BOOKMARK [1][-]{section.7}{\376\377\225\356\230\230\116\011\377\032\127\372\116\216\217\336\176\355\122\066\154\050\214\003\202\202\166\204\217\320\210\114\117\030\123\026}{}% 27
\BOOKMARK [2][-]{subsection.7.1}{\376\377\152\041\127\213\136\372\172\313}{section.7}% 28
\BOOKMARK [2][-]{subsection.7.2}{\376\377\154\102\211\343\173\227\154\325}{section.7}% 29
\BOOKMARK [2][-]{subsection.7.3}{\376\377\0002\0004\171\315\127\072\146\157\121\150\136\164\122\006\147\220}{section.7}% 30
\BOOKMARK [3][-]{subsubsection.7.3.1}{\376\377\147\000\117\030\214\003\136\246\145\271\150\110}{subsection.7.3}% 31
\BOOKMARK [3][-]{subsubsection.7.3.2}{\376\377\121\150\136\164\176\337\213\241\176\323\147\234}{subsection.7.3}% 32
\BOOKMARK [2][-]{subsection.7.4}{\376\377\116\016\225\356\230\230\116\214\133\371\153\324\122\006\147\220}{section.7}% 33
\BOOKMARK [3][-]{subsubsection.7.4.1}{\376\377\142\020\147\054\133\371\153\324}{subsection.7.4}% 34
\BOOKMARK [3][-]{subsubsection.7.4.2}{\376\377\176\377\165\065\143\007\150\007\133\371\153\324}{subsection.7.4}% 35
\BOOKMARK [2][-]{subsection.7.5}{\376\377\217\336\176\355\214\003\202\202\122\237\163\207\116\013\226\120\166\204\160\165\145\117\136\246\217\271\165\114\116\016\124\010\211\304\142\020\147\054\143\242\213\250}{section.7}% 36
\BOOKMARK [1][-]{section.8}{\376\377\225\356\230\230\126\333\377\032\171\273\177\121\217\320\210\114\123\312\120\250\200\375\221\115\177\156\170\024\172\166}{}% 37
\BOOKMARK [2][-]{subsection.8.1}{\376\377\152\041\127\213\136\372\172\313}{section.8}% 38
\BOOKMARK [3][-]{subsubsection.8.1.1}{\376\377\145\340\120\250\200\375\171\273\177\121\152\041\127\213}{subsection.8.1}% 39
\BOOKMARK [3][-]{subsubsection.8.1.2}{\376\377\124\053\120\250\200\375\171\273\177\121\152\041\127\213}{subsection.8.1}% 40
\BOOKMARK [2][-]{subsection.8.2}{\376\377\120\250\200\375\133\271\221\317\221\115\177\156\117\030\123\026\173\227\154\325\166\204\213\241\173\227\131\015\147\102\136\246\116\016\145\066\145\133\140\047\133\371\153\324\122\006\147\220}{section.8}% 41
\BOOKMARK [3][-]{subsubsection.8.2.1}{\376\377\213\241\173\227\131\015\147\102\136\246\133\371\153\324}{subsection.8.2}% 42
\BOOKMARK [3][-]{subsubsection.8.2.2}{\376\377\121\150\134\100\145\066\145\133\140\047\116\016\234\201\150\322\140\047\122\006\147\220}{subsection.8.2}% 43
\BOOKMARK [2][-]{subsection.8.3}{\376\377\145\340\120\250\200\375\171\273\177\121\217\320\210\114\176\323\147\234}{section.8}% 44
\BOOKMARK [3][-]{subsubsection.8.3.1}{\376\377\124\004\127\072\146\157\116\247\154\050\221\317}{subsection.8.3}% 45
\BOOKMARK [2][-]{subsection.8.4}{\376\377\120\250\200\375\221\115\177\156\117\030\123\026\176\323\147\234}{section.8}% 46
\BOOKMARK [3][-]{subsubsection.8.4.1}{\376\377\147\000\117\030\120\250\200\375\133\271\221\317}{subsection.8.4}% 47
\BOOKMARK [3][-]{subsubsection.8.4.2}{\376\377\120\250\200\375\000S\000O\000C\123\330\123\026}{subsection.8.4}% 48
\BOOKMARK [3][-]{subsubsection.8.4.3}{\376\377\137\003\165\065\145\071\125\204}{subsection.8.4}% 49
\BOOKMARK [2][-]{subsection.8.5}{\376\377\171\273\177\121\116\016\200\124\177\121\176\317\155\116\140\047\133\371\153\324}{section.8}% 50
\BOOKMARK [1][-]{section.9}{\376\377\160\165\145\117\136\246\122\006\147\220\116\016\152\041\127\213\150\300\232\214}{}% 51
\BOOKMARK [2][-]{subsection.9.1}{\376\377\160\165\145\117\136\246\122\006\147\220\145\271\154\325}{section.9}% 52
\BOOKMARK [2][-]{subsection.9.2}{\376\377\160\165\145\117\136\246\122\006\147\220\176\323\147\234}{section.9}% 53
\BOOKMARK [2][-]{subsection.9.3}{\376\377\152\041\127\213\150\300\232\214}{section.9}% 54
\BOOKMARK [3][-]{subsubsection.9.3.1}{\376\377\200\375\221\317\133\210\140\122\232\214\213\301}{subsection.9.3}% 55
\BOOKMARK [3][-]{subsubsection.9.3.2}{\376\377\176\246\147\137\156\341\215\263\232\214\213\301}{subsection.9.3}% 56
\BOOKMARK [3][-]{subsubsection.9.3.3}{\376\377\215\104\156\220\123\125\214\003\140\047\232\214\213\301}{subsection.9.3}% 57
\BOOKMARK [1][-]{section.10}{\376\377\225\356\230\230\116\224\377\032\176\377\165\065\166\364\217\336\126\355\123\072\133\371\165\065\122\233\174\373\176\337\166\204\137\161\124\315\123\312\145\077\173\126\136\372\213\256}{}% 58
\BOOKMARK [2][-]{subsection.10.1}{\376\377\176\377\165\065\166\364\217\336\126\355\123\072\133\271\221\317\156\027\220\017\163\207\143\320\232\330\166\204\137\161\124\315}{section.10}% 59
\BOOKMARK [3][-]{subsubsection.10.1.1}{\376\377\147\011\122\051\137\161\124\315}{subsection.10.1}% 60
\BOOKMARK [3][-]{subsubsection.10.1.2}{\376\377\116\015\122\051\137\161\124\315}{subsection.10.1}% 61
\BOOKMARK [2][-]{subsection.10.2}{\376\377\145\077\173\126\136\372\213\256}{section.10}% 62
\BOOKMARK [2][-]{subsection.10.3}{\376\377\127\372\116\216\000\040\000G\000R\000A\000-\000E\000n\000t\000r\000o\000p\000y\000-\000T\000O\000P\000S\000I\000S\000\040\166\204\126\355\123\072\131\032\176\364\136\246\176\374\124\010\213\304\116\367\221\317\123\026\152\041\127\213}{section.10}% 63
\BOOKMARK [3][-]{subsubsection.10.3.1}{\376\377\213\304\116\367\143\007\150\007\117\123\174\373\213\276\213\241}{subsection.10.3}% 64
\BOOKMARK [3][-]{subsubsection.10.3.2}{\376\377\145\160\133\146\136\372\152\041\153\145\232\244}{subsection.10.3}% 65
\BOOKMARK [3][-]{subsubsection.10.3.3}{\376\377\221\317\123\026\176\323\147\234\116\016\155\361\136\246\122\126\147\220}{subsection.10.3}% 66
\BOOKMARK [1][-]{section.11}{\376\377\152\041\127\213\213\304\116\367\116\016\143\250\136\177}{}% 67
\BOOKMARK [2][-]{subsection.11.1}{\376\377\152\041\127\213\117\030\160\271}{section.11}% 68
\BOOKMARK [2][-]{subsection.11.2}{\376\377\152\041\127\213\116\015\215\263}{section.11}% 69
\BOOKMARK [2][-]{subsection.11.3}{\376\377\152\041\127\213\143\250\136\177}{section.11}% 70
\BOOKMARK [1][-]{section*.2}{\376\377\000A\000p\000p\000e\000n\000d\000i\000c\000e\000s}{}% 71
\BOOKMARK [1][-]{section.1.A}{\376\377\226\104\137\125\000\040\150\070\137\303\116\343\170\001}{}% 72
\BOOKMARK [2][-]{subsection.1.A.1}{\376\377\121\154\121\161\135\345\121\167\152\041\127\127}{section.1.A}% 73
\BOOKMARK [2][-]{subsection.1.A.2}{\376\377\225\356\230\230\116\000\377\032\122\237\163\207\136\163\210\141\213\241\173\227}{section.1.A}% 74
\BOOKMARK [2][-]{subsection.1.A.3}{\376\377\225\356\230\230\116\214\377\032\171\273\145\143\214\003\202\202\117\030\123\026}{section.1.A}% 75
\BOOKMARK [2][-]{subsection.1.A.4}{\376\377\225\356\230\230\116\011\377\032\217\336\176\355\214\003\202\202\117\030\123\026}{section.1.A}% 76
\BOOKMARK [2][-]{subsection.1.A.5}{\376\377\225\356\230\230\126\333\377\032\120\250\200\375\221\115\177\156\117\030\123\026}{section.1.A}% 77
\BOOKMARK [2][-]{subsection.1.A.6}{\376\377\142\323\134\125\116\000\377\032\000B\000S\000T\000S\000\040\230\316\121\111\116\015\170\156\133\232\140\047\176\323\147\204\123\026\122\073\165\073\116\343\170\001}{section.1.A}% 78
\BOOKMARK [2][-]{subsection.1.A.7}{\376\377\142\323\134\125\116\214\377\032\000G\000R\000A\000-\000E\000n\000t\000r\000o\000p\000y\000-\000T\000O\000P\000S\000I\000S\000\040\131\032\176\364\136\246\221\317\123\026\213\304\116\367\116\343\170\001}{section.1.A}% 79
